<?xml version="1.0" encoding="UTF-8"?>
<!-- Generated by org.testng.reporters.JUnitReportReporter -->
<testsuite hostname="Srinivas" failures="0" tests="2" name="com.testcases.TC_Login_001" time="20.943" errors="0" timestamp="2023-03-04T16:40:46 IST" skipped="0">
  <testcase classname="com.testcases.TC_Login_001" name="start" time="11.029"/>
  <system-out/>
  <testcase classname="com.testcases.TC_Login_001" name="start" time="9.914"/>
  <system-out/>
</testsuite> <!-- com.testcases.TC_Login_001 -->
