<?xml version="1.0" encoding="UTF-8"?>
<!-- Generated by org.testng.reporters.JUnitReportReporter -->
<testsuite hostname="Srinivas" failures="0" tests="2" name="com.testcases.TC_AddCustomer_002" time="29.144" errors="0" timestamp="2023-03-04T16:40:46 IST" skipped="0">
  <testcase classname="com.testcases.TC_AddCustomer_002" name="login" time="7.838"/>
  <system-out/>
  <testcase classname="com.testcases.TC_AddCustomer_002" name="addCust" time="21.306"/>
  <system-out/>
</testsuite> <!-- com.testcases.TC_AddCustomer_002 -->
